{"/home/travis/build/npmtest/node-npmtest-form-data/test.js":{"path":"/home/travis/build/npmtest/node-npmtest-form-data/test.js","s":{"1":2,"2":2,"3":2,"4":2,"5":2,"6":2,"7":2,"8":1,"9":2,"10":2,"11":1,"12":1,"13":1,"14":1,"15":2,"16":2,"17":2,"18":2,"19":1,"20":1,"21":2,"22":2,"23":2,"24":1,"25":1,"26":1,"27":1,"28":1,"29":1,"30":1,"31":1,"32":1,"33":1,"34":1,"35":1,"36":1,"37":2,"38":2,"39":1,"40":2,"41":2,"42":1,"43":2,"44":2,"45":1,"46":2,"47":2,"48":1,"49":1,"50":1,"51":1,"52":1},"b":{"1":[2,1,1,1],"2":[1,1,1,1],"3":[1,1],"4":[1,1],"5":[1,1],"6":[1,1],"7":[1,1],"8":[1,1],"9":[1,1,1],"10":[1,1],"11":[1,1],"12":[1,1],"13":[1,1],"14":[1,1],"15":[1,1],"16":[1,1]},"f":{"1":2,"2":2,"3":2,"4":2,"5":2,"6":1,"7":1,"8":2,"9":2,"10":2,"11":2,"12":1},"fnMap":{"1":{"name":"(anonymous_1)","line":12,"loc":{"start":{"line":12,"column":1},"end":{"line":12,"column":13}}},"2":{"name":"(anonymous_2)","line":19,"loc":{"start":{"line":19,"column":5},"end":{"line":19,"column":17}}},"3":{"name":"(anonymous_3)","line":23,"loc":{"start":{"line":23,"column":24},"end":{"line":23,"column":36}}},"4":{"name":"(anonymous_4)","line":61,"loc":{"start":{"line":61,"column":5},"end":{"line":61,"column":17}}},"5":{"name":"(anonymous_5)","line":82,"loc":{"start":{"line":82,"column":5},"end":{"line":82,"column":17}}},"6":{"name":"(anonymous_6)","line":102,"loc":{"start":{"line":102,"column":83},"end":{"line":105,"column":10}},"skip":true},"7":{"name":"(anonymous_7)","line":113,"loc":{"start":{"line":113,"column":77},"end":{"line":116,"column":10}},"skip":true},"8":{"name":"(anonymous_8)","line":129,"loc":{"start":{"line":129,"column":12},"end":{"line":129,"column":40}},"skip":true},"9":{"name":"(anonymous_9)","line":137,"loc":{"start":{"line":137,"column":77},"end":{"line":140,"column":10}},"skip":true},"10":{"name":"(anonymous_10)","line":148,"loc":{"start":{"line":148,"column":83},"end":{"line":151,"column":10}},"skip":true},"11":{"name":"(anonymous_11)","line":159,"loc":{"start":{"line":159,"column":79},"end":{"line":162,"column":10}},"skip":true},"12":{"name":"(anonymous_12)","line":170,"loc":{"start":{"line":170,"column":75},"end":{"line":173,"column":10}},"skip":true}},"statementMap":{"1":{"start":{"line":12,"column":0},"end":{"line":185,"column":5}},"2":{"start":{"line":14,"column":4},"end":{"line":14,"column":14}},"3":{"start":{"line":19,"column":4},"end":{"line":56,"column":9}},"4":{"start":{"line":21,"column":8},"end":{"line":21,"column":19}},"5":{"start":{"line":23,"column":8},"end":{"line":35,"column":13}},"6":{"start":{"line":24,"column":12},"end":{"line":34,"column":13}},"7":{"start":{"line":25,"column":16},"end":{"line":28,"column":30}},"8":{"start":{"line":30,"column":16},"end":{"line":33,"column":27}},"9":{"start":{"line":37,"column":8},"end":{"line":39,"column":21}},"10":{"start":{"line":40,"column":8},"end":{"line":53,"column":9}},"11":{"start":{"line":43,"column":12},"end":{"line":46,"column":14}},"12":{"start":{"line":47,"column":12},"end":{"line":47,"column":18}},"13":{"start":{"line":50,"column":12},"end":{"line":51,"column":46}},"14":{"start":{"line":52,"column":12},"end":{"line":52,"column":18}},"15":{"start":{"line":55,"column":8},"end":{"line":55,"column":35}},"16":{"start":{"line":61,"column":4},"end":{"line":63,"column":9}},"17":{"start":{"line":62,"column":8},"end":{"line":62,"column":15}},"18":{"start":{"line":64,"column":4},"end":{"line":77,"column":5}},"19":{"start":{"line":70,"column":8},"end":{"line":70,"column":14}},"20":{"start":{"line":76,"column":8},"end":{"line":76,"column":14}},"21":{"start":{"line":82,"column":4},"end":{"line":84,"column":9}},"22":{"start":{"line":83,"column":8},"end":{"line":83,"column":15}},"23":{"start":{"line":85,"column":4},"end":{"line":184,"column":5}},"24":{"start":{"line":92,"column":8},"end":{"line":94,"column":63}},"25":{"start":{"line":95,"column":8},"end":{"line":95,"column":14}},"26":{"start":{"line":102,"column":8},"end":{"line":111,"column":10},"skip":true},"27":{"start":{"line":109,"column":12},"end":{"line":109,"column":55},"skip":true},"28":{"start":{"line":110,"column":12},"end":{"line":110,"column":48},"skip":true},"29":{"start":{"line":113,"column":8},"end":{"line":126,"column":10},"skip":true},"30":{"start":{"line":120,"column":12},"end":{"line":120,"column":76},"skip":true},"31":{"start":{"line":121,"column":12},"end":{"line":121,"column":73},"skip":true},"32":{"start":{"line":122,"column":12},"end":{"line":122,"column":74},"skip":true},"33":{"start":{"line":123,"column":12},"end":{"line":123,"column":79},"skip":true},"34":{"start":{"line":124,"column":12},"end":{"line":124,"column":25},"skip":true},"35":{"start":{"line":125,"column":12},"end":{"line":125,"column":45},"skip":true},"36":{"start":{"line":128,"column":8},"end":{"line":135,"column":14},"skip":true},"37":{"start":{"line":133,"column":16},"end":{"line":133,"column":29},"skip":true},"38":{"start":{"line":134,"column":16},"end":{"line":134,"column":55},"skip":true},"39":{"start":{"line":137,"column":8},"end":{"line":146,"column":10},"skip":true},"40":{"start":{"line":144,"column":12},"end":{"line":144,"column":25},"skip":true},"41":{"start":{"line":145,"column":12},"end":{"line":145,"column":45},"skip":true},"42":{"start":{"line":148,"column":8},"end":{"line":157,"column":10},"skip":true},"43":{"start":{"line":155,"column":12},"end":{"line":155,"column":25},"skip":true},"44":{"start":{"line":156,"column":12},"end":{"line":156,"column":48},"skip":true},"45":{"start":{"line":159,"column":8},"end":{"line":168,"column":10},"skip":true},"46":{"start":{"line":166,"column":12},"end":{"line":166,"column":25},"skip":true},"47":{"start":{"line":167,"column":12},"end":{"line":167,"column":46},"skip":true},"48":{"start":{"line":170,"column":8},"end":{"line":179,"column":10},"skip":true},"49":{"start":{"line":177,"column":12},"end":{"line":177,"column":94},"skip":true},"50":{"start":{"line":178,"column":12},"end":{"line":178,"column":48},"skip":true},"51":{"start":{"line":182,"column":8},"end":{"line":182,"column":35},"skip":true},"52":{"start":{"line":183,"column":8},"end":{"line":183,"column":14},"skip":true}},"branchMap":{"1":{"line":25,"type":"binary-expr","locations":[{"start":{"line":25,"column":23},"end":{"line":25,"column":62}},{"start":{"line":26,"column":20},"end":{"line":26,"column":70}},{"start":{"line":27,"column":20},"end":{"line":27,"column":71}},{"start":{"line":28,"column":20},"end":{"line":28,"column":29}}]},"2":{"line":30,"type":"binary-expr","locations":[{"start":{"line":30,"column":23},"end":{"line":30,"column":37}},{"start":{"line":31,"column":20},"end":{"line":31,"column":61}},{"start":{"line":32,"column":20},"end":{"line":32,"column":70}},{"start":{"line":33,"column":20},"end":{"line":33,"column":26}}]},"3":{"line":37,"type":"cond-expr","locations":[{"start":{"line":38,"column":14},"end":{"line":38,"column":20}},{"start":{"line":39,"column":14},"end":{"line":39,"column":20}}]},"4":{"line":40,"type":"switch","locations":[{"start":{"line":42,"column":8},"end":{"line":47,"column":18}},{"start":{"line":49,"column":8},"end":{"line":52,"column":18}}]},"5":{"line":44,"type":"binary-expr","locations":[{"start":{"line":44,"column":16},"end":{"line":44,"column":44}},{"start":{"line":44,"column":48},"end":{"line":44,"column":66}}]},"6":{"line":50,"type":"binary-expr","locations":[{"start":{"line":50,"column":21},"end":{"line":50,"column":49}},{"start":{"line":50,"column":53},"end":{"line":50,"column":72}}]},"7":{"line":64,"type":"switch","locations":[{"start":{"line":69,"column":4},"end":{"line":70,"column":14}},{"start":{"line":75,"column":4},"end":{"line":76,"column":14}}]},"8":{"line":85,"type":"switch","locations":[{"start":{"line":90,"column":4},"end":{"line":95,"column":14}},{"start":{"line":101,"column":4},"end":{"line":183,"column":14},"skip":true}]},"9":{"line":92,"type":"binary-expr","locations":[{"start":{"line":92,"column":18},"end":{"line":92,"column":32}},{"start":{"line":93,"column":12},"end":{"line":93,"column":53}},{"start":{"line":94,"column":12},"end":{"line":94,"column":61}}]},"10":{"line":102,"type":"binary-expr","locations":[{"start":{"line":102,"column":45},"end":{"line":102,"column":79},"skip":true},{"start":{"line":102,"column":83},"end":{"line":111,"column":9},"skip":true}]},"11":{"line":113,"type":"binary-expr","locations":[{"start":{"line":113,"column":42},"end":{"line":113,"column":73},"skip":true},{"start":{"line":113,"column":77},"end":{"line":126,"column":9},"skip":true}]},"12":{"line":128,"type":"binary-expr","locations":[{"start":{"line":128,"column":48},"end":{"line":128,"column":85},"skip":true},{"start":{"line":129,"column":12},"end":{"line":135,"column":13},"skip":true}]},"13":{"line":137,"type":"binary-expr","locations":[{"start":{"line":137,"column":42},"end":{"line":137,"column":73},"skip":true},{"start":{"line":137,"column":77},"end":{"line":146,"column":9},"skip":true}]},"14":{"line":148,"type":"binary-expr","locations":[{"start":{"line":148,"column":45},"end":{"line":148,"column":79},"skip":true},{"start":{"line":148,"column":83},"end":{"line":157,"column":9},"skip":true}]},"15":{"line":159,"type":"binary-expr","locations":[{"start":{"line":159,"column":43},"end":{"line":159,"column":75},"skip":true},{"start":{"line":159,"column":79},"end":{"line":168,"column":9},"skip":true}]},"16":{"line":170,"type":"binary-expr","locations":[{"start":{"line":170,"column":41},"end":{"line":170,"column":71},"skip":true},{"start":{"line":170,"column":75},"end":{"line":179,"column":9},"skip":true}]}},"code":["/* istanbul instrument in package npmtest_form_data */","/*jslint","    bitwise: true,","    browser: true,","    maxerr: 8,","    maxlen: 96,","    node: true,","    nomen: true,","    regexp: true,","    stupid: true","*/","(function () {","    'use strict';","    var local;","","","","    // run shared js-env code - pre-init","    (function () {","        // init local","        local = {};","        // init modeJs","        local.modeJs = (function () {","            try {","                return typeof navigator.userAgent === 'string' &&","                    typeof document.querySelector('body') === 'object' &&","                    typeof XMLHttpRequest.prototype.open === 'function' &&","                    'browser';","            } catch (errorCaughtBrowser) {","                return module.exports &&","                    typeof process.versions.node === 'string' &&","                    typeof require('http').createServer === 'function' &&","                    'node';","            }","        }());","        // init global","        local.global = local.modeJs === 'browser'","            ? window","            : global;","        switch (local.modeJs) {","        // re-init local from window.local","        case 'browser':","            local = local.global.utility2.objectSetDefault(","                local.global.utility2_rollup || local.global.local,","                local.global.utility2","            );","            break;","        // re-init local from example.js","        case 'node':","            local = (local.global.utility2_rollup || require('utility2'))","                .requireExampleJsFromReadme();","            break;","        }","        // export local","        local.global.local = local;","    }());","","","","    // run shared js-env code - function","    (function () {","        return;","    }());","    switch (local.modeJs) {","","","","    // run browser js-env code - function","    case 'browser':","        break;","","","","    // run node js-env code - function","    case 'node':","        break;","    }","","","","    // run shared js-env code - post-init","    (function () {","        return;","    }());","    switch (local.modeJs) {","","","","    // run browser js-env code - post-init","    case 'browser':","        // run tests","        local.nop(local.modeTest &&","            document.querySelector('#testRunButton1') &&","            document.querySelector('#testRunButton1').click());","        break;","","","","    // run node js-env code - post-init","    /* istanbul ignore next */","    case 'node':","        local.testCase_buildApidoc_default = local.testCase_buildApidoc_default || function (","            options,","            onError","        ) {","        /*","         * this function will test buildApidoc's default handling-behavior-behavior","         */","            options = { modulePathList: module.paths };","            local.buildApidoc(options, onError);","        };","","        local.testCase_buildApp_default = local.testCase_buildApp_default || function (","            options,","            onError","        ) {","        /*","         * this function will test buildApp's default handling-behavior-behavior","         */","            local.testCase_buildReadme_default(options, local.onErrorThrow);","            local.testCase_buildLib_default(options, local.onErrorThrow);","            local.testCase_buildTest_default(options, local.onErrorThrow);","            local.testCase_buildCustomOrg_default(options, local.onErrorThrow);","            options = [];","            local.buildApp(options, onError);","        };","","        local.testCase_buildCustomOrg_default = local.testCase_buildCustomOrg_default ||","            function (options, onError) {","            /*","             * this function will test buildCustomOrg's default handling-behavior","             */","                options = {};","                local.buildCustomOrg(options, onError);","            };","","        local.testCase_buildLib_default = local.testCase_buildLib_default || function (","            options,","            onError","        ) {","        /*","         * this function will test buildLib's default handling-behavior","         */","            options = {};","            local.buildLib(options, onError);","        };","","        local.testCase_buildReadme_default = local.testCase_buildReadme_default || function (","            options,","            onError","        ) {","        /*","         * this function will test buildReadme's default handling-behavior-behavior","         */","            options = {};","            local.buildReadme(options, onError);","        };","","        local.testCase_buildTest_default = local.testCase_buildTest_default || function (","            options,","            onError","        ) {","        /*","         * this function will test buildTest's default handling-behavior","         */","            options = {};","            local.buildTest(options, onError);","        };","","        local.testCase_webpage_default = local.testCase_webpage_default || function (","            options,","            onError","        ) {","        /*","         * this function will test webpage's default handling-behavior","         */","            options = { modeCoverageMerge: true, url: local.serverLocalHost + '?modeTest=1' };","            local.browserTest(options, onError);","        };","","        // run test-server","        local.testRunServer(local);","        break;","    }","}());",""],"l":{"12":2,"14":2,"19":2,"21":2,"23":2,"24":2,"25":2,"30":1,"37":2,"40":2,"43":1,"47":1,"50":1,"52":1,"55":2,"61":2,"62":2,"64":2,"70":1,"76":1,"82":2,"83":2,"85":2,"92":1,"95":1,"102":1,"109":1,"110":1,"113":1,"120":1,"121":1,"122":1,"123":1,"124":1,"125":1,"128":1,"133":2,"134":2,"137":1,"144":2,"145":2,"148":1,"155":2,"156":2,"159":1,"166":2,"167":2,"170":1,"177":1,"178":1,"182":1,"183":1}},"/home/travis/build/npmtest/node-npmtest-form-data/lib.npmtest_form_data.js":{"path":"/home/travis/build/npmtest/node-npmtest-form-data/lib.npmtest_form_data.js","s":{"1":2,"2":2,"3":2,"4":2,"5":2,"6":2,"7":2,"8":1,"9":2,"10":2,"11":2,"12":2,"13":1,"14":1,"15":1,"16":1},"b":{"1":[2,1,1,1],"2":[1,1,1,1],"3":[1,1],"4":[2,2],"5":[1,1]},"f":{"1":2,"2":2,"3":2},"fnMap":{"1":{"name":"(anonymous_1)","line":12,"loc":{"start":{"line":12,"column":1},"end":{"line":12,"column":13}}},"2":{"name":"(anonymous_2)","line":19,"loc":{"start":{"line":19,"column":5},"end":{"line":19,"column":17}}},"3":{"name":"(anonymous_3)","line":23,"loc":{"start":{"line":23,"column":24},"end":{"line":23,"column":36}}}},"statementMap":{"1":{"start":{"line":12,"column":0},"end":{"line":53,"column":5}},"2":{"start":{"line":14,"column":4},"end":{"line":14,"column":14}},"3":{"start":{"line":19,"column":4},"end":{"line":52,"column":9}},"4":{"start":{"line":21,"column":8},"end":{"line":21,"column":19}},"5":{"start":{"line":23,"column":8},"end":{"line":35,"column":13}},"6":{"start":{"line":24,"column":12},"end":{"line":34,"column":13}},"7":{"start":{"line":25,"column":16},"end":{"line":28,"column":30}},"8":{"start":{"line":30,"column":16},"end":{"line":33,"column":27}},"9":{"start":{"line":37,"column":8},"end":{"line":39,"column":21}},"10":{"start":{"line":41,"column":8},"end":{"line":41,"column":54}},"11":{"start":{"line":43,"column":8},"end":{"line":43,"column":54}},"12":{"start":{"line":45,"column":8},"end":{"line":51,"column":9}},"13":{"start":{"line":46,"column":12},"end":{"line":46,"column":60}},"14":{"start":{"line":48,"column":12},"end":{"line":48,"column":35}},"15":{"start":{"line":49,"column":12},"end":{"line":49,"column":49}},"16":{"start":{"line":50,"column":12},"end":{"line":50,"column":43}}},"branchMap":{"1":{"line":25,"type":"binary-expr","locations":[{"start":{"line":25,"column":23},"end":{"line":25,"column":62}},{"start":{"line":26,"column":20},"end":{"line":26,"column":70}},{"start":{"line":27,"column":20},"end":{"line":27,"column":71}},{"start":{"line":28,"column":20},"end":{"line":28,"column":29}}]},"2":{"line":30,"type":"binary-expr","locations":[{"start":{"line":30,"column":23},"end":{"line":30,"column":37}},{"start":{"line":31,"column":20},"end":{"line":31,"column":61}},{"start":{"line":32,"column":20},"end":{"line":32,"column":70}},{"start":{"line":33,"column":20},"end":{"line":33,"column":26}}]},"3":{"line":37,"type":"cond-expr","locations":[{"start":{"line":38,"column":14},"end":{"line":38,"column":20}},{"start":{"line":39,"column":14},"end":{"line":39,"column":20}}]},"4":{"line":41,"type":"binary-expr","locations":[{"start":{"line":41,"column":16},"end":{"line":41,"column":44}},{"start":{"line":41,"column":48},"end":{"line":41,"column":53}}]},"5":{"line":45,"type":"if","locations":[{"start":{"line":45,"column":8},"end":{"line":45,"column":8}},{"start":{"line":45,"column":8},"end":{"line":45,"column":8}}]}},"code":["/* istanbul instrument in package npmtest_form_data */","/*jslint","    bitwise: true,","    browser: true,","    maxerr: 8,","    maxlen: 96,","    node: true,","    nomen: true,","    regexp: true,","    stupid: true","*/","(function () {","    'use strict';","    var local;","","","","    // run shared js-env code - pre-init","    (function () {","        // init local","        local = {};","        // init modeJs","        local.modeJs = (function () {","            try {","                return typeof navigator.userAgent === 'string' &&","                    typeof document.querySelector('body') === 'object' &&","                    typeof XMLHttpRequest.prototype.open === 'function' &&","                    'browser';","            } catch (errorCaughtBrowser) {","                return module.exports &&","                    typeof process.versions.node === 'string' &&","                    typeof require('http').createServer === 'function' &&","                    'node';","            }","        }());","        // init global","        local.global = local.modeJs === 'browser'","            ? window","            : global;","        // init utility2_rollup","        local = local.global.utility2_rollup || local;","        // init lib","        local.local = local.npmtest_form_data = local;","        // init exports","        if (local.modeJs === 'browser') {","            local.global.utility2_npmtest_form_data = local;","        } else {","            module.exports = local;","            module.exports.__dirname = __dirname;","            module.exports.module = module;","        }","    }());","}());",""],"l":{"12":2,"14":2,"19":2,"21":2,"23":2,"24":2,"25":2,"30":1,"37":2,"41":2,"43":2,"45":2,"46":1,"48":1,"49":1,"50":1}},"/home/travis/build/npmtest/node-npmtest-form-data/example.js":{"path":"/home/travis/build/npmtest/node-npmtest-form-data/example.js","s":{"1":2,"2":2,"3":2,"4":2,"5":2,"6":2,"7":2,"8":1,"9":2,"10":2,"11":2,"12":2,"13":1,"14":2,"15":2,"16":2,"17":2,"18":2,"19":0,"20":2,"21":1,"22":1,"23":1,"24":1,"25":1,"26":0,"27":0,"28":1,"29":1,"30":2,"31":0,"32":0,"33":0,"34":1,"35":2,"36":2,"37":2,"38":2,"39":2,"40":2,"41":0,"42":2,"43":2,"44":2,"45":1,"46":3,"47":1,"48":1,"49":1,"50":1,"51":1,"52":1,"53":1,"54":1,"55":1,"56":1,"57":0,"58":1,"59":6,"60":6,"61":1,"62":2,"63":0,"64":2,"65":1,"66":1,"67":0,"68":0,"69":0,"70":0,"71":0,"72":0,"73":0,"74":0,"75":0,"76":0,"77":0,"78":0,"79":0,"80":0,"81":0,"82":0,"83":0},"b":{"1":[2,1,1,1],"2":[1,1,1,1],"3":[1,1],"4":[2,2],"5":[1,1],"6":[1,1],"7":[2,0],"8":[2,1,1,1,1,1],"9":[0,2,0],"10":[1,1],"11":[2,1,1],"12":[1,0],"13":[0,2],"14":[2,0,0,0,0,0,0],"15":[0,2],"16":[2,0],"17":[1,1],"18":[0,1],"19":[1,2,0,2],"20":[1,0],"21":[1,1],"22":[0,0],"23":[0,0],"24":[0,0],"25":[0,0],"26":[0,0],"27":[0,0],"28":[0,0]},"f":{"1":2,"2":2,"3":2,"4":2,"5":2,"6":2,"7":2,"8":2,"9":3,"10":1,"11":6,"12":0},"fnMap":{"1":{"name":"(anonymous_1)","line":26,"loc":{"start":{"line":26,"column":1},"end":{"line":26,"column":13}}},"2":{"name":"(anonymous_2)","line":33,"loc":{"start":{"line":33,"column":5},"end":{"line":33,"column":17}}},"3":{"name":"(anonymous_3)","line":37,"loc":{"start":{"line":37,"column":24},"end":{"line":37,"column":36}}},"4":{"name":"(anonymous_4)","line":69,"loc":{"start":{"line":69,"column":31},"end":{"line":69,"column":48}},"skip":true},"5":{"name":"(anonymous_5)","line":78,"loc":{"start":{"line":78,"column":26},"end":{"line":78,"column":45}},"skip":true},"6":{"name":"(anonymous_6)","line":123,"loc":{"start":{"line":123,"column":33},"end":{"line":123,"column":48}},"skip":true},"7":{"name":"(anonymous_7)","line":125,"loc":{"start":{"line":125,"column":27},"end":{"line":125,"column":39}},"skip":true},"8":{"name":"(anonymous_8)","line":133,"loc":{"start":{"line":133,"column":59},"end":{"line":133,"column":74}},"skip":true},"9":{"name":"(anonymous_9)","line":143,"loc":{"start":{"line":143,"column":45},"end":{"line":143,"column":62}},"skip":true},"10":{"name":"(anonymous_10)","line":144,"loc":{"start":{"line":144,"column":73},"end":{"line":144,"column":92}},"skip":true},"11":{"name":"(anonymous_11)","line":272,"loc":{"start":{"line":272,"column":51},"end":{"line":272,"column":77}},"skip":true},"12":{"name":"(anonymous_12)","line":314,"loc":{"start":{"line":314,"column":32},"end":{"line":314,"column":61}},"skip":true}},"statementMap":{"1":{"start":{"line":26,"column":0},"end":{"line":325,"column":5}},"2":{"start":{"line":28,"column":4},"end":{"line":28,"column":14}},"3":{"start":{"line":33,"column":4},"end":{"line":60,"column":9}},"4":{"start":{"line":35,"column":8},"end":{"line":35,"column":19}},"5":{"start":{"line":37,"column":8},"end":{"line":49,"column":13}},"6":{"start":{"line":38,"column":12},"end":{"line":48,"column":13}},"7":{"start":{"line":39,"column":16},"end":{"line":42,"column":30}},"8":{"start":{"line":44,"column":16},"end":{"line":47,"column":27}},"9":{"start":{"line":51,"column":8},"end":{"line":53,"column":21}},"10":{"start":{"line":55,"column":8},"end":{"line":57,"column":45}},"11":{"start":{"line":59,"column":8},"end":{"line":59,"column":35}},"12":{"start":{"line":61,"column":4},"end":{"line":324,"column":5}},"13":{"start":{"line":69,"column":8},"end":{"line":121,"column":10},"skip":true},"14":{"start":{"line":70,"column":12},"end":{"line":88,"column":13},"skip":true},"15":{"start":{"line":76,"column":16},"end":{"line":87,"column":19},"skip":true},"16":{"start":{"line":79,"column":20},"end":{"line":86,"column":21},"skip":true},"17":{"start":{"line":82,"column":24},"end":{"line":82,"column":43},"skip":true},"18":{"start":{"line":83,"column":24},"end":{"line":83,"column":30},"skip":true},"19":{"start":{"line":85,"column":24},"end":{"line":85,"column":49},"skip":true},"20":{"start":{"line":89,"column":12},"end":{"line":107,"column":13},"skip":true},"21":{"start":{"line":92,"column":16},"end":{"line":102,"column":17},"skip":true},"22":{"start":{"line":93,"column":20},"end":{"line":93,"column":86},"skip":true},"23":{"start":{"line":94,"column":20},"end":{"line":95,"column":45},"skip":true},"24":{"start":{"line":96,"column":20},"end":{"line":96,"column":42},"skip":true},"25":{"start":{"line":97,"column":20},"end":{"line":97,"column":48},"skip":true},"26":{"start":{"line":100,"column":20},"end":{"line":100,"column":85},"skip":true},"27":{"start":{"line":101,"column":20},"end":{"line":101,"column":96},"skip":true},"28":{"start":{"line":103,"column":16},"end":{"line":103,"column":22},"skip":true},"29":{"start":{"line":106,"column":16},"end":{"line":106,"column":22},"skip":true},"30":{"start":{"line":108,"column":12},"end":{"line":120,"column":13},"skip":true},"31":{"start":{"line":114,"column":16},"end":{"line":119,"column":17},"skip":true},"32":{"start":{"line":116,"column":20},"end":{"line":116,"column":78},"skip":true},"33":{"start":{"line":118,"column":20},"end":{"line":118,"column":47},"skip":true},"34":{"start":{"line":123,"column":8},"end":{"line":141,"column":11},"skip":true},"35":{"start":{"line":124,"column":12},"end":{"line":124,"column":54},"skip":true},"36":{"start":{"line":125,"column":12},"end":{"line":140,"column":14},"skip":true},"37":{"start":{"line":126,"column":16},"end":{"line":126,"column":28},"skip":true},"38":{"start":{"line":127,"column":16},"end":{"line":127,"column":69},"skip":true},"39":{"start":{"line":128,"column":16},"end":{"line":128,"column":75},"skip":true},"40":{"start":{"line":129,"column":16},"end":{"line":131,"column":17},"skip":true},"41":{"start":{"line":130,"column":20},"end":{"line":130,"column":27},"skip":true},"42":{"start":{"line":133,"column":16},"end":{"line":137,"column":36},"skip":true},"43":{"start":{"line":134,"column":20},"end":{"line":136,"column":55},"skip":true},"44":{"start":{"line":139,"column":16},"end":{"line":139,"column":57},"skip":true},"45":{"start":{"line":143,"column":8},"end":{"line":147,"column":11},"skip":true},"46":{"start":{"line":144,"column":12},"end":{"line":146,"column":15},"skip":true},"47":{"start":{"line":145,"column":16},"end":{"line":145,"column":70},"skip":true},"48":{"start":{"line":149,"column":8},"end":{"line":149,"column":31},"skip":true},"49":{"start":{"line":150,"column":8},"end":{"line":150,"column":14},"skip":true},"50":{"start":{"line":158,"column":8},"end":{"line":158,"column":31},"skip":true},"51":{"start":{"line":160,"column":8},"end":{"line":160,"column":33},"skip":true},"52":{"start":{"line":161,"column":8},"end":{"line":161,"column":37},"skip":true},"53":{"start":{"line":162,"column":8},"end":{"line":162,"column":35},"skip":true},"54":{"start":{"line":164,"column":8},"end":{"line":164,"column":50},"skip":true},"55":{"start":{"line":166,"column":8},"end":{"line":256,"column":2},"skip":true},"56":{"start":{"line":258,"column":8},"end":{"line":286,"column":9},"skip":true},"57":{"start":{"line":259,"column":12},"end":{"line":269,"column":14},"skip":true},"58":{"start":{"line":271,"column":12},"end":{"line":285,"column":19},"skip":true},"59":{"start":{"line":274,"column":20},"end":{"line":274,"column":35},"skip":true},"60":{"start":{"line":275,"column":20},"end":{"line":284,"column":21},"skip":true},"61":{"start":{"line":277,"column":24},"end":{"line":277,"column":64},"skip":true},"62":{"start":{"line":279,"column":24},"end":{"line":279,"column":40},"skip":true},"63":{"start":{"line":281,"column":24},"end":{"line":281,"column":40},"skip":true},"64":{"start":{"line":283,"column":24},"end":{"line":283,"column":39},"skip":true},"65":{"start":{"line":288,"column":8},"end":{"line":290,"column":9},"skip":true},"66":{"start":{"line":289,"column":12},"end":{"line":289,"column":18},"skip":true},"67":{"start":{"line":291,"column":8},"end":{"line":293,"column":54},"skip":true},"68":{"start":{"line":294,"column":8},"end":{"line":301,"column":37},"skip":true},"69":{"start":{"line":302,"column":8},"end":{"line":302,"column":82},"skip":true},"70":{"start":{"line":305,"column":8},"end":{"line":307,"column":9},"skip":true},"71":{"start":{"line":306,"column":12},"end":{"line":306,"column":82},"skip":true},"72":{"start":{"line":309,"column":8},"end":{"line":311,"column":9},"skip":true},"73":{"start":{"line":310,"column":12},"end":{"line":310,"column":18},"skip":true},"74":{"start":{"line":312,"column":8},"end":{"line":312,"column":54},"skip":true},"75":{"start":{"line":313,"column":8},"end":{"line":313,"column":69},"skip":true},"76":{"start":{"line":314,"column":8},"end":{"line":322,"column":36},"skip":true},"77":{"start":{"line":315,"column":12},"end":{"line":315,"column":61},"skip":true},"78":{"start":{"line":316,"column":12},"end":{"line":319,"column":13},"skip":true},"79":{"start":{"line":317,"column":16},"end":{"line":317,"column":75},"skip":true},"80":{"start":{"line":318,"column":16},"end":{"line":318,"column":23},"skip":true},"81":{"start":{"line":320,"column":12},"end":{"line":320,"column":38},"skip":true},"82":{"start":{"line":321,"column":12},"end":{"line":321,"column":27},"skip":true},"83":{"start":{"line":323,"column":8},"end":{"line":323,"column":14},"skip":true}},"branchMap":{"1":{"line":39,"type":"binary-expr","locations":[{"start":{"line":39,"column":23},"end":{"line":39,"column":62}},{"start":{"line":40,"column":20},"end":{"line":40,"column":70}},{"start":{"line":41,"column":20},"end":{"line":41,"column":71}},{"start":{"line":42,"column":20},"end":{"line":42,"column":29}}]},"2":{"line":44,"type":"binary-expr","locations":[{"start":{"line":44,"column":23},"end":{"line":44,"column":37}},{"start":{"line":45,"column":20},"end":{"line":45,"column":61}},{"start":{"line":46,"column":20},"end":{"line":46,"column":70}},{"start":{"line":47,"column":20},"end":{"line":47,"column":26}}]},"3":{"line":51,"type":"cond-expr","locations":[{"start":{"line":52,"column":14},"end":{"line":52,"column":20}},{"start":{"line":53,"column":14},"end":{"line":53,"column":20}}]},"4":{"line":55,"type":"binary-expr","locations":[{"start":{"line":55,"column":16},"end":{"line":55,"column":44}},{"start":{"line":55,"column":49},"end":{"line":57,"column":43}}]},"5":{"line":55,"type":"cond-expr","locations":[{"start":{"line":56,"column":14},"end":{"line":56,"column":53}},{"start":{"line":57,"column":14},"end":{"line":57,"column":43}}]},"6":{"line":61,"type":"switch","locations":[{"start":{"line":68,"column":4},"end":{"line":150,"column":14},"skip":true},{"start":{"line":156,"column":4},"end":{"line":323,"column":14},"skip":true}]},"7":{"line":70,"type":"if","locations":[{"start":{"line":70,"column":12},"end":{"line":70,"column":12},"skip":true},{"start":{"line":70,"column":12},"end":{"line":70,"column":12},"skip":true}]},"8":{"line":70,"type":"binary-expr","locations":[{"start":{"line":70,"column":16},"end":{"line":70,"column":22},"skip":true},{"start":{"line":70,"column":27},"end":{"line":70,"column":32},"skip":true},{"start":{"line":71,"column":20},"end":{"line":71,"column":39},"skip":true},{"start":{"line":72,"column":20},"end":{"line":72,"column":49},"skip":true},{"start":{"line":73,"column":20},"end":{"line":73,"column":58},"skip":true},{"start":{"line":74,"column":20},"end":{"line":74,"column":69},"skip":true}]},"9":{"line":79,"type":"switch","locations":[{"start":{"line":80,"column":20},"end":{"line":80,"column":33},"skip":true},{"start":{"line":81,"column":20},"end":{"line":83,"column":30},"skip":true},{"start":{"line":84,"column":20},"end":{"line":85,"column":49},"skip":true}]},"10":{"line":89,"type":"switch","locations":[{"start":{"line":90,"column":12},"end":{"line":103,"column":22},"skip":true},{"start":{"line":105,"column":12},"end":{"line":106,"column":22},"skip":true}]},"11":{"line":89,"type":"binary-expr","locations":[{"start":{"line":89,"column":20},"end":{"line":89,"column":25},"skip":true},{"start":{"line":89,"column":29},"end":{"line":89,"column":48},"skip":true},{"start":{"line":89,"column":52},"end":{"line":89,"column":74},"skip":true}]},"12":{"line":92,"type":"if","locations":[{"start":{"line":92,"column":16},"end":{"line":92,"column":16},"skip":true},{"start":{"line":92,"column":16},"end":{"line":92,"column":16},"skip":true}]},"13":{"line":108,"type":"if","locations":[{"start":{"line":108,"column":12},"end":{"line":108,"column":12},"skip":true},{"start":{"line":108,"column":12},"end":{"line":108,"column":12},"skip":true}]},"14":{"line":108,"type":"binary-expr","locations":[{"start":{"line":108,"column":16},"end":{"line":108,"column":61},"skip":true},{"start":{"line":108,"column":66},"end":{"line":108,"column":72},"skip":true},{"start":{"line":108,"column":77},"end":{"line":108,"column":82},"skip":true},{"start":{"line":109,"column":20},"end":{"line":109,"column":39},"skip":true},{"start":{"line":110,"column":20},"end":{"line":110,"column":49},"skip":true},{"start":{"line":111,"column":20},"end":{"line":111,"column":58},"skip":true},{"start":{"line":112,"column":20},"end":{"line":112,"column":68},"skip":true}]},"15":{"line":129,"type":"if","locations":[{"start":{"line":129,"column":16},"end":{"line":129,"column":16},"skip":true},{"start":{"line":129,"column":16},"end":{"line":129,"column":16},"skip":true}]},"16":{"line":134,"type":"cond-expr","locations":[{"start":{"line":135,"column":26},"end":{"line":135,"column":29},"skip":true},{"start":{"line":136,"column":26},"end":{"line":136,"column":54},"skip":true}]},"17":{"line":164,"type":"binary-expr","locations":[{"start":{"line":164,"column":27},"end":{"line":164,"column":43},"skip":true},{"start":{"line":164,"column":47},"end":{"line":164,"column":49},"skip":true}]},"18":{"line":258,"type":"if","locations":[{"start":{"line":258,"column":8},"end":{"line":258,"column":8},"skip":true},{"start":{"line":258,"column":8},"end":{"line":258,"column":8},"skip":true}]},"19":{"line":275,"type":"switch","locations":[{"start":{"line":276,"column":20},"end":{"line":277,"column":64},"skip":true},{"start":{"line":278,"column":20},"end":{"line":279,"column":40},"skip":true},{"start":{"line":280,"column":20},"end":{"line":281,"column":40},"skip":true},{"start":{"line":282,"column":20},"end":{"line":283,"column":39},"skip":true}]},"20":{"line":288,"type":"if","locations":[{"start":{"line":288,"column":8},"end":{"line":288,"column":8},"skip":true},{"start":{"line":288,"column":8},"end":{"line":288,"column":8},"skip":true}]},"21":{"line":288,"type":"binary-expr","locations":[{"start":{"line":288,"column":12},"end":{"line":288,"column":40},"skip":true},{"start":{"line":288,"column":44},"end":{"line":288,"column":67},"skip":true}]},"22":{"line":292,"type":"binary-expr","locations":[{"start":{"line":292,"column":12},"end":{"line":292,"column":50},"skip":true},{"start":{"line":293,"column":12},"end":{"line":293,"column":53},"skip":true}]},"23":{"line":295,"type":"binary-expr","locations":[{"start":{"line":295,"column":12},"end":{"line":295,"column":67},"skip":true},{"start":{"line":296,"column":12},"end":{"line":301,"column":36},"skip":true}]},"24":{"line":302,"type":"binary-expr","locations":[{"start":{"line":302,"column":43},"end":{"line":302,"column":75},"skip":true},{"start":{"line":302,"column":79},"end":{"line":302,"column":81},"skip":true}]},"25":{"line":305,"type":"if","locations":[{"start":{"line":305,"column":8},"end":{"line":305,"column":8},"skip":true},{"start":{"line":305,"column":8},"end":{"line":305,"column":8},"skip":true}]},"26":{"line":309,"type":"if","locations":[{"start":{"line":309,"column":8},"end":{"line":309,"column":8},"skip":true},{"start":{"line":309,"column":8},"end":{"line":309,"column":8},"skip":true}]},"27":{"line":312,"type":"binary-expr","locations":[{"start":{"line":312,"column":27},"end":{"line":312,"column":43},"skip":true},{"start":{"line":312,"column":47},"end":{"line":312,"column":53},"skip":true}]},"28":{"line":316,"type":"if","locations":[{"start":{"line":316,"column":12},"end":{"line":316,"column":12},"skip":true},{"start":{"line":316,"column":12},"end":{"line":316,"column":12},"skip":true}]}},"code":["/*","example.js","","quickstart example","","instruction","    1. save this script as example.js","    2. run the shell command:","        $ npm install npmtest-form-data && PORT=8081 node example.js","    3. play with the browser-demo on http://127.0.0.1:8081","*/","","","","/* istanbul instrument in package npmtest_form_data */","/*jslint","    bitwise: true,","    browser: true,","    maxerr: 8,","    maxlen: 96,","    node: true,","    nomen: true,","    regexp: true,","    stupid: true","*/","(function () {","    'use strict';","    var local;","","","","    // run shared js-env code - pre-init","    (function () {","        // init local","        local = {};","        // init modeJs","        local.modeJs = (function () {","            try {","                return typeof navigator.userAgent === 'string' &&","                    typeof document.querySelector('body') === 'object' &&","                    typeof XMLHttpRequest.prototype.open === 'function' &&","                    'browser';","            } catch (errorCaughtBrowser) {","                return module.exports &&","                    typeof process.versions.node === 'string' &&","                    typeof require('http').createServer === 'function' &&","                    'node';","            }","        }());","        // init global","        local.global = local.modeJs === 'browser'","            ? window","            : global;","        // init utility2_rollup","        local = local.global.utility2_rollup || (local.modeJs === 'browser'","            ? local.global.utility2_npmtest_form_data","            : global.utility2_moduleExports);","        // export local","        local.global.local = local;","    }());","    switch (local.modeJs) {","","","","    // post-init","    // run browser js-env code - post-init","    /* istanbul ignore next */","    case 'browser':","        local.testRunBrowser = function (event) {","            if (!event || (event &&","                    event.currentTarget &&","                    event.currentTarget.className &&","                    event.currentTarget.className.includes &&","                    event.currentTarget.className.includes('onreset'))) {","                // reset output","                Array.from(","                    document.querySelectorAll('body > .resettable')","                ).forEach(function (element) {","                    switch (element.tagName) {","                    case 'INPUT':","                    case 'TEXTAREA':","                        element.value = '';","                        break;","                    default:","                        element.textContent = '';","                    }","                });","            }","            switch (event && event.currentTarget && event.currentTarget.id) {","            case 'testRunButton1':","                // show tests","                if (document.querySelector('#testReportDiv1').style.display === 'none') {","                    document.querySelector('#testReportDiv1').style.display = 'block';","                    document.querySelector('#testRunButton1').textContent =","                        'hide internal test';","                    local.modeTest = true;","                    local.testRunDefault(local);","                // hide tests","                } else {","                    document.querySelector('#testReportDiv1').style.display = 'none';","                    document.querySelector('#testRunButton1').textContent = 'run internal test';","                }","                break;","            // custom-case","            default:","                break;","            }","            if (document.querySelector('#inputTextareaEval1') && (!event || (event &&","                    event.currentTarget &&","                    event.currentTarget.className &&","                    event.currentTarget.className.includes &&","                    event.currentTarget.className.includes('oneval')))) {","                // try to eval input-code","                try {","                    /*jslint evil: true*/","                    eval(document.querySelector('#inputTextareaEval1').value);","                } catch (errorCaught) {","                    console.error(errorCaught);","                }","            }","        };","        // log stderr and stdout to #outputTextareaStdout1","        ['error', 'log'].forEach(function (key) {","            console[key + '_original'] = console[key];","            console[key] = function () {","                var element;","                console[key + '_original'].apply(console, arguments);","                element = document.querySelector('#outputTextareaStdout1');","                if (!element) {","                    return;","                }","                // append text to #outputTextareaStdout1","                element.value += Array.from(arguments).map(function (arg) {","                    return typeof arg === 'string'","                        ? arg","                        : JSON.stringify(arg, null, 4);","                }).join(' ') + '\\n';","                // scroll textarea to bottom","                element.scrollTop = element.scrollHeight;","            };","        });","        // init event-handling","        ['change', 'click', 'keyup'].forEach(function (event) {","            Array.from(document.querySelectorAll('.on' + event)).forEach(function (element) {","                element.addEventListener(event, local.testRunBrowser);","            });","        });","        // run tests","        local.testRunBrowser();","        break;","","","","    // run node js-env code - post-init","    /* istanbul ignore next */","    case 'node':","        // export local","        module.exports = local;","        // require modules","        local.fs = require('fs');","        local.http = require('http');","        local.url = require('url');","        // init assets","        local.assetsDict = local.assetsDict || {};","        /* jslint-ignore-begin */","        local.assetsDict['/assets.index.template.html'] = '\\","<!doctype html>\\n\\","<html lang=\"en\">\\n\\","<head>\\n\\","<meta charset=\"UTF-8\">\\n\\","<meta name=\"viewport\" content=\"width=device-width, initial-scale=1\">\\n\\","<title>{{env.npm_package_name}} (v{{env.npm_package_version}})</title>\\n\\","<style>\\n\\","/*csslint\\n\\","    box-sizing: false,\\n\\","    universal-selector: false\\n\\","*/\\n\\","* {\\n\\","    box-sizing: border-box;\\n\\","}\\n\\","body {\\n\\","    background: #dde;\\n\\","    font-family: Arial, Helvetica, sans-serif;\\n\\","    margin: 2rem;\\n\\","}\\n\\","body > * {\\n\\","    margin-bottom: 1rem;\\n\\","}\\n\\",".utility2FooterDiv {\\n\\","    margin-top: 20px;\\n\\","    text-align: center;\\n\\","}\\n\\","</style>\\n\\","<style>\\n\\","/*csslint\\n\\","*/\\n\\","textarea {\\n\\","    font-family: monospace;\\n\\","    height: 10rem;\\n\\","    width: 100%;\\n\\","}\\n\\","textarea[readonly] {\\n\\","    background: #ddd;\\n\\","}\\n\\","</style>\\n\\","</head>\\n\\","<body>\\n\\","<!-- utility2-comment\\n\\","<div id=\"ajaxProgressDiv1\" style=\"background: #d00; height: 2px; left: 0; margin: 0; padding: 0; position: fixed; top: 0; transition: background 0.5s, width 1.5s; width: 25%;\"></div>\\n\\","utility2-comment -->\\n\\","<h1>\\n\\","<!-- utility2-comment\\n\\","    <a\\n\\","        {{#if env.npm_package_homepage}}\\n\\","        href=\"{{env.npm_package_homepage}}\"\\n\\","        {{/if env.npm_package_homepage}}\\n\\","        target=\"_blank\"\\n\\","    >\\n\\","utility2-comment -->\\n\\","        {{env.npm_package_name}} (v{{env.npm_package_version}})\\n\\","<!-- utility2-comment\\n\\","    </a>\\n\\","utility2-comment -->\\n\\","</h1>\\n\\","<h3>{{env.npm_package_description}}</h3>\\n\\","<!-- utility2-comment\\n\\","<h4><a download href=\"assets.app.js\">download standalone app</a></h4>\\n\\","<button class=\"onclick onreset\" id=\"testRunButton1\">run internal test</button><br>\\n\\","<div id=\"testReportDiv1\" style=\"display: none;\"></div>\\n\\","utility2-comment -->\\n\\","\\n\\","\\n\\","\\n\\","<label>stderr and stdout</label>\\n\\","<textarea class=\"resettable\" id=\"outputTextareaStdout1\" readonly></textarea>\\n\\","<!-- utility2-comment\\n\\","{{#if isRollup}}\\n\\","<script src=\"assets.app.js\"></script>\\n\\","{{#unless isRollup}}\\n\\","utility2-comment -->\\n\\","<script src=\"assets.utility2.rollup.js\"></script>\\n\\","<script src=\"jsonp.utility2._stateInit?callback=window.utility2._stateInit\"></script>\\n\\","<script src=\"assets.npmtest_form_data.rollup.js\"></script>\\n\\","<script src=\"assets.example.js\"></script>\\n\\","<script src=\"assets.test.js\"></script>\\n\\","<!-- utility2-comment\\n\\","{{/if isRollup}}\\n\\","utility2-comment -->\\n\\","<div class=\"utility2FooterDiv\">\\n\\","    [ this app was created with\\n\\","    <a href=\"https://github.com/kaizhu256/node-utility2\" target=\"_blank\">utility2</a>\\n\\","    ]\\n\\","</div>\\n\\","</body>\\n\\","</html>\\n\\","';","        /* jslint-ignore-end */","        if (local.templateRender) {","            local.assetsDict['/'] = local.templateRender(","                local.assetsDict['/assets.index.template.html'],","                {","                    env: local.objectSetDefault(local.env, {","                        npm_package_description: 'the greatest app in the world!',","                        npm_package_name: 'my-app',","                        npm_package_nameAlias: 'my_app',","                        npm_package_version: '0.0.1'","                    })","                }","            );","        } else {","            local.assetsDict['/'] = local.assetsDict['/assets.index.template.html']","                .replace((/\\{\\{env\\.(\\w+?)\\}\\}/g), function (match0, match1) {","                    // jslint-hack","                    String(match0);","                    switch (match1) {","                    case 'npm_package_description':","                        return 'the greatest app in the world!';","                    case 'npm_package_name':","                        return 'my-app';","                    case 'npm_package_nameAlias':","                        return 'my_app';","                    case 'npm_package_version':","                        return '0.0.1';","                    }","                });","        }","        // run the cli","        if (local.global.utility2_rollup || module !== require.main) {","            break;","        }","        local.assetsDict['/assets.example.js'] =","            local.assetsDict['/assets.example.js'] ||","            local.fs.readFileSync(__filename, 'utf8');","        local.assetsDict['/assets.npmtest_form_data.rollup.js'] =","            local.assetsDict['/assets.npmtest_form_data.rollup.js'] ||","            local.fs.readFileSync(","                // buildCustomOrg-hack","                local.npmtest_form_data.__dirname +","                    '/lib.npmtest_form_data.js',","                'utf8'","            ).replace((/^#!/), '//');","        local.assetsDict['/favicon.ico'] = local.assetsDict['/favicon.ico'] || '';","        // if $npm_config_timeout_exit exists,","        // then exit this process after $npm_config_timeout_exit ms","        if (Number(process.env.npm_config_timeout_exit)) {","            setTimeout(process.exit, Number(process.env.npm_config_timeout_exit));","        }","        // start server","        if (local.global.utility2_serverHttp1) {","            break;","        }","        process.env.PORT = process.env.PORT || '8081';","        console.error('server starting on port ' + process.env.PORT);","        local.http.createServer(function (request, response) {","            request.urlParsed = local.url.parse(request.url);","            if (local.assetsDict[request.urlParsed.pathname] !== undefined) {","                response.end(local.assetsDict[request.urlParsed.pathname]);","                return;","            }","            response.statusCode = 404;","            response.end();","        }).listen(process.env.PORT);","        break;","    }","}());",""],"l":{"26":2,"28":2,"33":2,"35":2,"37":2,"38":2,"39":2,"44":1,"51":2,"55":2,"59":2,"61":2,"69":1,"70":2,"76":2,"79":2,"82":2,"83":2,"85":1,"89":2,"92":1,"93":1,"94":1,"96":1,"97":1,"100":1,"101":1,"103":1,"106":1,"108":2,"114":1,"116":1,"118":1,"123":1,"124":2,"125":2,"126":2,"127":2,"128":2,"129":2,"130":1,"133":2,"134":2,"139":2,"143":1,"144":3,"145":1,"149":1,"150":1,"158":1,"160":1,"161":1,"162":1,"164":1,"166":1,"258":1,"259":1,"271":1,"274":6,"275":6,"277":1,"279":2,"281":1,"283":2,"288":1,"289":1,"291":1,"294":1,"302":1,"305":1,"306":1,"309":1,"310":1,"312":1,"313":1,"314":1,"315":1,"316":1,"317":1,"318":1,"320":1,"321":1,"323":1}},"/home/travis/build/npmtest/node-npmtest-form-data/node_modules/form-data/lib/form_data.js":{"path":"/home/travis/build/npmtest/node-npmtest-form-data/node_modules/form-data/lib/form_data.js","s":{"1":1,"2":1,"3":1,"4":1,"5":1,"6":1,"7":1,"8":1,"9":1,"10":1,"11":1,"12":1,"13":1,"14":0,"15":0,"16":0,"17":0,"18":0,"19":0,"20":1,"21":1,"22":1,"23":0,"24":0,"25":0,"26":0,"27":0,"28":0,"29":0,"30":0,"31":0,"32":0,"33":0,"34":0,"35":0,"36":0,"37":0,"38":1,"39":0,"40":0,"41":0,"42":0,"43":0,"44":0,"45":0,"46":0,"47":0,"48":0,"49":0,"50":0,"51":0,"52":1,"53":0,"54":0,"55":0,"56":0,"57":0,"58":0,"59":0,"60":0,"61":0,"62":0,"63":0,"64":0,"65":0,"66":0,"67":0,"68":0,"69":0,"70":0,"71":1,"72":0,"73":0,"74":0,"75":0,"76":0,"77":0,"78":0,"79":0,"80":0,"81":0,"82":0,"83":0,"84":0,"85":0,"86":0,"87":0,"88":0,"89":0,"90":1,"91":0,"92":0,"93":0,"94":0,"95":0,"96":0,"97":0,"98":1,"99":0,"100":0,"101":0,"102":0,"103":0,"104":0,"105":0,"106":0,"107":0,"108":0,"109":0,"110":0,"111":1,"112":0,"113":0,"114":0,"115":0,"116":0,"117":0,"118":1,"119":0,"120":1,"121":0,"122":0,"123":0,"124":0,"125":0,"126":0,"127":1,"128":0,"129":0,"130":0,"131":1,"132":0,"133":0,"134":0,"135":0,"136":1,"137":0,"138":0,"139":0,"140":0,"141":0,"142":0,"143":1,"144":0,"145":0,"146":0,"147":0,"148":1,"149":0,"150":0,"151":0,"152":0,"153":0,"154":0,"155":0,"156":0,"157":0,"158":0,"159":0,"160":0,"161":0,"162":1,"163":0,"164":0,"165":0,"166":0,"167":0,"168":0,"169":0,"170":0,"171":0,"172":0,"173":0,"174":0,"175":0,"176":0,"177":0,"178":0,"179":0,"180":0,"181":0,"182":0,"183":0,"184":1,"185":0,"186":0,"187":0,"188":0,"189":1,"190":0},"b":{"1":[0,0],"2":[0,0],"3":[0,0],"4":[0,0],"5":[0,0],"6":[0,0],"7":[0,0],"8":[0,0],"9":[0,0],"10":[0,0,0],"11":[0,0],"12":[0,0],"13":[0,0],"14":[0,0],"15":[0,0,0],"16":[0,0],"17":[0,0],"18":[0,0],"19":[0,0],"20":[0,0],"21":[0,0],"22":[0,0],"23":[0,0],"24":[0,0],"25":[0,0],"26":[0,0],"27":[0,0],"28":[0,0,0],"29":[0,0],"30":[0,0,0],"31":[0,0],"32":[0,0],"33":[0,0],"34":[0,0],"35":[0,0],"36":[0,0],"37":[0,0,0],"38":[0,0],"39":[0,0],"40":[0,0],"41":[0,0],"42":[0,0],"43":[0,0],"44":[0,0],"45":[0,0],"46":[0,0],"47":[0,0],"48":[0,0],"49":[0,0],"50":[0,0],"51":[0,0],"52":[0,0],"53":[0,0],"54":[0,0],"55":[0,0],"56":[0,0],"57":[0,0]},"f":{"1":0,"2":0,"3":0,"4":0,"5":0,"6":0,"7":0,"8":0,"9":0,"10":0,"11":0,"12":0,"13":0,"14":0,"15":0,"16":0,"17":0,"18":0,"19":0,"20":0,"21":0,"22":0,"23":0,"24":0},"fnMap":{"1":{"name":"FormData","line":25,"loc":{"start":{"line":25,"column":0},"end":{"line":25,"column":20}}},"2":{"name":"(anonymous_2)","line":40,"loc":{"start":{"line":40,"column":28},"end":{"line":40,"column":60}}},"3":{"name":"(anonymous_3)","line":75,"loc":{"start":{"line":75,"column":34},"end":{"line":75,"column":67}}},"4":{"name":"(anonymous_4)","line":108,"loc":{"start":{"line":108,"column":38},"end":{"line":108,"column":64}}},"5":{"name":"(anonymous_5)","line":129,"loc":{"start":{"line":129,"column":26},"end":{"line":129,"column":46}}},"6":{"name":"(anonymous_6)","line":151,"loc":{"start":{"line":151,"column":25},"end":{"line":151,"column":44}}},"7":{"name":"(anonymous_7)","line":163,"loc":{"start":{"line":163,"column":38},"end":{"line":163,"column":70}}},"8":{"name":"(anonymous_8)","line":210,"loc":{"start":{"line":210,"column":44},"end":{"line":210,"column":69}}},"9":{"name":"(anonymous_9)","line":231,"loc":{"start":{"line":231,"column":37},"end":{"line":231,"column":62}}},"10":{"name":"(anonymous_10)","line":264,"loc":{"start":{"line":264,"column":38},"end":{"line":264,"column":49}}},"11":{"name":"(anonymous_11)","line":265,"loc":{"start":{"line":265,"column":9},"end":{"line":265,"column":24}}},"12":{"name":"(anonymous_12)","line":277,"loc":{"start":{"line":277,"column":35},"end":{"line":277,"column":46}}},"13":{"name":"(anonymous_13)","line":281,"loc":{"start":{"line":281,"column":32},"end":{"line":281,"column":54}}},"14":{"name":"(anonymous_14)","line":296,"loc":{"start":{"line":296,"column":33},"end":{"line":296,"column":44}}},"15":{"name":"(anonymous_15)","line":304,"loc":{"start":{"line":304,"column":39},"end":{"line":304,"column":50}}},"16":{"name":"(anonymous_16)","line":318,"loc":{"start":{"line":318,"column":35},"end":{"line":318,"column":46}}},"17":{"name":"(anonymous_17)","line":341,"loc":{"start":{"line":341,"column":36},"end":{"line":341,"column":47}}},"18":{"name":"(anonymous_18)","line":351,"loc":{"start":{"line":351,"column":31},"end":{"line":351,"column":44}}},"19":{"name":"(anonymous_19)","line":363,"loc":{"start":{"line":363,"column":66},"end":{"line":363,"column":88}}},"20":{"name":"(anonymous_20)","line":369,"loc":{"start":{"line":369,"column":19},"end":{"line":369,"column":36}}},"21":{"name":"(anonymous_21)","line":377,"loc":{"start":{"line":377,"column":28},"end":{"line":377,"column":49}}},"22":{"name":"(anonymous_22)","line":415,"loc":{"start":{"line":415,"column":17},"end":{"line":415,"column":39}}},"23":{"name":"(anonymous_23)","line":434,"loc":{"start":{"line":434,"column":28},"end":{"line":434,"column":42}}},"24":{"name":"(anonymous_24)","line":442,"loc":{"start":{"line":442,"column":30},"end":{"line":442,"column":42}}}},"statementMap":{"1":{"start":{"line":1,"column":0},"end":{"line":1,"column":48}},"2":{"start":{"line":2,"column":0},"end":{"line":2,"column":27}},"3":{"start":{"line":3,"column":0},"end":{"line":3,"column":27}},"4":{"start":{"line":4,"column":0},"end":{"line":4,"column":27}},"5":{"start":{"line":5,"column":0},"end":{"line":5,"column":29}},"6":{"start":{"line":6,"column":0},"end":{"line":6,"column":36}},"7":{"start":{"line":7,"column":0},"end":{"line":7,"column":23}},"8":{"start":{"line":8,"column":0},"end":{"line":8,"column":33}},"9":{"start":{"line":9,"column":0},"end":{"line":9,"column":35}},"10":{"start":{"line":10,"column":0},"end":{"line":10,"column":40}},"11":{"start":{"line":13,"column":0},"end":{"line":13,"column":26}},"12":{"start":{"line":16,"column":0},"end":{"line":16,"column":40}},"13":{"start":{"line":25,"column":0},"end":{"line":35,"column":1}},"14":{"start":{"line":26,"column":2},"end":{"line":28,"column":3}},"15":{"start":{"line":27,"column":4},"end":{"line":27,"column":26}},"16":{"start":{"line":30,"column":2},"end":{"line":30,"column":27}},"17":{"start":{"line":31,"column":2},"end":{"line":31,"column":24}},"18":{"start":{"line":32,"column":2},"end":{"line":32,"column":29}},"19":{"start":{"line":34,"column":2},"end":{"line":34,"column":28}},"20":{"start":{"line":37,"column":0},"end":{"line":37,"column":29}},"21":{"start":{"line":38,"column":0},"end":{"line":38,"column":59}},"22":{"start":{"line":40,"column":0},"end":{"line":73,"column":2}},"23":{"start":{"line":42,"column":2},"end":{"line":42,"column":26}},"24":{"start":{"line":45,"column":2},"end":{"line":47,"column":3}},"25":{"start":{"line":46,"column":4},"end":{"line":46,"column":34}},"26":{"start":{"line":49,"column":2},"end":{"line":49,"column":58}},"27":{"start":{"line":52,"column":2},"end":{"line":54,"column":3}},"28":{"start":{"line":53,"column":4},"end":{"line":53,"column":23}},"29":{"start":{"line":57,"column":2},"end":{"line":62,"column":3}},"30":{"start":{"line":60,"column":4},"end":{"line":60,"column":56}},"31":{"start":{"line":61,"column":4},"end":{"line":61,"column":11}},"32":{"start":{"line":64,"column":2},"end":{"line":64,"column":60}},"33":{"start":{"line":65,"column":2},"end":{"line":65,"column":39}},"34":{"start":{"line":67,"column":2},"end":{"line":67,"column":17}},"35":{"start":{"line":68,"column":2},"end":{"line":68,"column":16}},"36":{"start":{"line":69,"column":2},"end":{"line":69,"column":17}},"37":{"start":{"line":72,"column":2},"end":{"line":72,"column":44}},"38":{"start":{"line":75,"column":0},"end":{"line":106,"column":2}},"39":{"start":{"line":76,"column":2},"end":{"line":76,"column":22}},"40":{"start":{"line":82,"column":2},"end":{"line":88,"column":3}},"41":{"start":{"line":83,"column":4},"end":{"line":83,"column":40}},"42":{"start":{"line":84,"column":9},"end":{"line":88,"column":3}},"43":{"start":{"line":85,"column":4},"end":{"line":85,"column":31}},"44":{"start":{"line":86,"column":9},"end":{"line":88,"column":3}},"45":{"start":{"line":87,"column":4},"end":{"line":87,"column":43}},"46":{"start":{"line":90,"column":2},"end":{"line":90,"column":35}},"47":{"start":{"line":93,"column":2},"end":{"line":95,"column":31}},"48":{"start":{"line":98,"column":2},"end":{"line":100,"column":3}},"49":{"start":{"line":99,"column":4},"end":{"line":99,"column":11}},"50":{"start":{"line":103,"column":2},"end":{"line":105,"column":3}},"51":{"start":{"line":104,"column":4},"end":{"line":104,"column":38}},"52":{"start":{"line":108,"column":0},"end":{"line":161,"column":2}},"53":{"start":{"line":110,"column":2},"end":{"line":160,"column":3}},"54":{"start":{"line":119,"column":4},"end":{"line":142,"column":5}},"55":{"start":{"line":124,"column":6},"end":{"line":124,"column":70}},"56":{"start":{"line":129,"column":6},"end":{"line":141,"column":9}},"57":{"start":{"line":131,"column":8},"end":{"line":131,"column":21}},"58":{"start":{"line":133,"column":8},"end":{"line":136,"column":9}},"59":{"start":{"line":134,"column":10},"end":{"line":134,"column":24}},"60":{"start":{"line":135,"column":10},"end":{"line":135,"column":17}},"61":{"start":{"line":139,"column":8},"end":{"line":139,"column":63}},"62":{"start":{"line":140,"column":8},"end":{"line":140,"column":33}},"63":{"start":{"line":145,"column":9},"end":{"line":160,"column":3}},"64":{"start":{"line":146,"column":4},"end":{"line":146,"column":53}},"65":{"start":{"line":149,"column":9},"end":{"line":160,"column":3}},"66":{"start":{"line":151,"column":4},"end":{"line":154,"column":7}},"67":{"start":{"line":152,"column":6},"end":{"line":152,"column":20}},"68":{"start":{"line":153,"column":6},"end":{"line":153,"column":58}},"69":{"start":{"line":155,"column":4},"end":{"line":155,"column":19}},"70":{"start":{"line":159,"column":4},"end":{"line":159,"column":31}},"71":{"start":{"line":163,"column":0},"end":{"line":208,"column":2}},"72":{"start":{"line":167,"column":2},"end":{"line":169,"column":3}},"73":{"start":{"line":168,"column":4},"end":{"line":168,"column":26}},"74":{"start":{"line":171,"column":2},"end":{"line":171,"column":71}},"75":{"start":{"line":172,"column":2},"end":{"line":172,"column":57}},"76":{"start":{"line":174,"column":2},"end":{"line":174,"column":20}},"77":{"start":{"line":175,"column":2},"end":{"line":180,"column":4}},"78":{"start":{"line":183,"column":2},"end":{"line":185,"column":3}},"79":{"start":{"line":184,"column":4},"end":{"line":184,"column":38}},"80":{"start":{"line":187,"column":2},"end":{"line":187,"column":13}},"81":{"start":{"line":188,"column":2},"end":{"line":205,"column":3}},"82":{"start":{"line":189,"column":4},"end":{"line":189,"column":27}},"83":{"start":{"line":192,"column":4},"end":{"line":194,"column":5}},"84":{"start":{"line":193,"column":6},"end":{"line":193,"column":15}},"85":{"start":{"line":197,"column":4},"end":{"line":199,"column":5}},"86":{"start":{"line":198,"column":6},"end":{"line":198,"column":24}},"87":{"start":{"line":202,"column":4},"end":{"line":204,"column":5}},"88":{"start":{"line":203,"column":6},"end":{"line":203,"column":72}},"89":{"start":{"line":207,"column":2},"end":{"line":207,"column":90}},"90":{"start":{"line":210,"column":0},"end":{"line":229,"column":2}},"91":{"start":{"line":212,"column":2},"end":{"line":212,"column":25}},"92":{"start":{"line":217,"column":2},"end":{"line":217,"column":62}},"93":{"start":{"line":220,"column":2},"end":{"line":222,"column":3}},"94":{"start":{"line":221,"column":4},"end":{"line":221,"column":46}},"95":{"start":{"line":224,"column":2},"end":{"line":226,"column":3}},"96":{"start":{"line":225,"column":4},"end":{"line":225,"column":70}},"97":{"start":{"line":228,"column":2},"end":{"line":228,"column":28}},"98":{"start":{"line":231,"column":0},"end":{"line":262,"column":2}},"99":{"start":{"line":234,"column":2},"end":{"line":234,"column":40}},"100":{"start":{"line":237,"column":2},"end":{"line":239,"column":3}},"101":{"start":{"line":238,"column":4},"end":{"line":238,"column":42}},"102":{"start":{"line":242,"column":2},"end":{"line":244,"column":3}},"103":{"start":{"line":243,"column":4},"end":{"line":243,"column":42}},"104":{"start":{"line":247,"column":2},"end":{"line":249,"column":3}},"105":{"start":{"line":248,"column":4},"end":{"line":248,"column":48}},"106":{"start":{"line":252,"column":2},"end":{"line":254,"column":3}},"107":{"start":{"line":253,"column":4},"end":{"line":253,"column":48}},"108":{"start":{"line":257,"column":2},"end":{"line":259,"column":3}},"109":{"start":{"line":258,"column":4},"end":{"line":258,"column":48}},"110":{"start":{"line":261,"column":2},"end":{"line":261,"column":21}},"111":{"start":{"line":264,"column":0},"end":{"line":275,"column":2}},"112":{"start":{"line":265,"column":2},"end":{"line":274,"column":15}},"113":{"start":{"line":266,"column":4},"end":{"line":266,"column":37}},"114":{"start":{"line":268,"column":4},"end":{"line":268,"column":48}},"115":{"start":{"line":269,"column":4},"end":{"line":271,"column":5}},"116":{"start":{"line":270,"column":6},"end":{"line":270,"column":37}},"117":{"start":{"line":273,"column":4},"end":{"line":273,"column":17}},"118":{"start":{"line":277,"column":0},"end":{"line":279,"column":2}},"119":{"start":{"line":278,"column":2},"end":{"line":278,"column":64}},"120":{"start":{"line":281,"column":0},"end":{"line":294,"column":2}},"121":{"start":{"line":282,"column":2},"end":{"line":282,"column":13}},"122":{"start":{"line":283,"column":2},"end":{"line":285,"column":4}},"123":{"start":{"line":287,"column":2},"end":{"line":291,"column":3}},"124":{"start":{"line":288,"column":4},"end":{"line":290,"column":5}},"125":{"start":{"line":289,"column":6},"end":{"line":289,"column":62}},"126":{"start":{"line":293,"column":2},"end":{"line":293,"column":21}},"127":{"start":{"line":296,"column":0},"end":{"line":302,"column":2}},"128":{"start":{"line":297,"column":2},"end":{"line":299,"column":3}},"129":{"start":{"line":298,"column":4},"end":{"line":298,"column":29}},"130":{"start":{"line":301,"column":2},"end":{"line":301,"column":24}},"131":{"start":{"line":304,"column":0},"end":{"line":313,"column":2}},"132":{"start":{"line":307,"column":2},"end":{"line":307,"column":46}},"133":{"start":{"line":308,"column":2},"end":{"line":310,"column":3}},"134":{"start":{"line":309,"column":4},"end":{"line":309,"column":60}},"135":{"start":{"line":312,"column":2},"end":{"line":312,"column":28}},"136":{"start":{"line":318,"column":0},"end":{"line":336,"column":2}},"137":{"start":{"line":319,"column":2},"end":{"line":319,"column":61}},"138":{"start":{"line":323,"column":2},"end":{"line":325,"column":3}},"139":{"start":{"line":324,"column":4},"end":{"line":324,"column":47}},"140":{"start":{"line":328,"column":2},"end":{"line":333,"column":3}},"141":{"start":{"line":332,"column":4},"end":{"line":332,"column":81}},"142":{"start":{"line":335,"column":2},"end":{"line":335,"column":21}},"143":{"start":{"line":341,"column":0},"end":{"line":349,"column":2}},"144":{"start":{"line":342,"column":2},"end":{"line":342,"column":28}},"145":{"start":{"line":344,"column":2},"end":{"line":346,"column":3}},"146":{"start":{"line":345,"column":4},"end":{"line":345,"column":27}},"147":{"start":{"line":348,"column":2},"end":{"line":348,"column":24}},"148":{"start":{"line":351,"column":0},"end":{"line":375,"column":2}},"149":{"start":{"line":352,"column":2},"end":{"line":352,"column":61}},"150":{"start":{"line":354,"column":2},"end":{"line":356,"column":3}},"151":{"start":{"line":355,"column":4},"end":{"line":355,"column":47}},"152":{"start":{"line":358,"column":2},"end":{"line":361,"column":3}},"153":{"start":{"line":359,"column":4},"end":{"line":359,"column":55}},"154":{"start":{"line":360,"column":4},"end":{"line":360,"column":11}},"155":{"start":{"line":363,"column":2},"end":{"line":374,"column":5}},"156":{"start":{"line":364,"column":4},"end":{"line":367,"column":5}},"157":{"start":{"line":365,"column":6},"end":{"line":365,"column":14}},"158":{"start":{"line":366,"column":6},"end":{"line":366,"column":13}},"159":{"start":{"line":369,"column":4},"end":{"line":371,"column":7}},"160":{"start":{"line":370,"column":6},"end":{"line":370,"column":28}},"161":{"start":{"line":373,"column":4},"end":{"line":373,"column":26}},"162":{"start":{"line":377,"column":0},"end":{"line":432,"column":2}},"163":{"start":{"line":378,"column":2},"end":{"line":381,"column":5}},"164":{"start":{"line":385,"column":2},"end":{"line":402,"column":3}},"165":{"start":{"line":387,"column":4},"end":{"line":387,"column":30}},"166":{"start":{"line":388,"column":4},"end":{"line":392,"column":17}},"167":{"start":{"line":397,"column":4},"end":{"line":397,"column":41}},"168":{"start":{"line":399,"column":4},"end":{"line":401,"column":5}},"169":{"start":{"line":400,"column":6},"end":{"line":400,"column":61}},"170":{"start":{"line":405,"column":2},"end":{"line":405,"column":52}},"171":{"start":{"line":408,"column":2},"end":{"line":412,"column":3}},"172":{"start":{"line":409,"column":4},"end":{"line":409,"column":37}},"173":{"start":{"line":411,"column":4},"end":{"line":411,"column":36}},"174":{"start":{"line":415,"column":2},"end":{"line":429,"column":16}},"175":{"start":{"line":416,"column":4},"end":{"line":419,"column":5}},"176":{"start":{"line":417,"column":6},"end":{"line":417,"column":23}},"177":{"start":{"line":418,"column":6},"end":{"line":418,"column":13}},"178":{"start":{"line":422,"column":4},"end":{"line":422,"column":48}},"179":{"start":{"line":424,"column":4},"end":{"line":424,"column":23}},"180":{"start":{"line":425,"column":4},"end":{"line":428,"column":5}},"181":{"start":{"line":426,"column":6},"end":{"line":426,"column":30}},"182":{"start":{"line":427,"column":6},"end":{"line":427,"column":50}},"183":{"start":{"line":431,"column":2},"end":{"line":431,"column":17}},"184":{"start":{"line":434,"column":0},"end":{"line":440,"column":2}},"185":{"start":{"line":435,"column":2},"end":{"line":439,"column":3}},"186":{"start":{"line":436,"column":4},"end":{"line":436,"column":21}},"187":{"start":{"line":437,"column":4},"end":{"line":437,"column":17}},"188":{"start":{"line":438,"column":4},"end":{"line":438,"column":28}},"189":{"start":{"line":442,"column":0},"end":{"line":444,"column":2}},"190":{"start":{"line":443,"column":2},"end":{"line":443,"column":29}}},"branchMap":{"1":{"line":26,"type":"if","locations":[{"start":{"line":26,"column":2},"end":{"line":26,"column":2}},{"start":{"line":26,"column":2},"end":{"line":26,"column":2}}]},"2":{"line":42,"type":"binary-expr","locations":[{"start":{"line":42,"column":12},"end":{"line":42,"column":19}},{"start":{"line":42,"column":23},"end":{"line":42,"column":25}}]},"3":{"line":45,"type":"if","locations":[{"start":{"line":45,"column":2},"end":{"line":45,"column":2}},{"start":{"line":45,"column":2},"end":{"line":45,"column":2}}]},"4":{"line":52,"type":"if","locations":[{"start":{"line":52,"column":2},"end":{"line":52,"column":2}},{"start":{"line":52,"column":2},"end":{"line":52,"column":2}}]},"5":{"line":57,"type":"if","locations":[{"start":{"line":57,"column":2},"end":{"line":57,"column":2}},{"start":{"line":57,"column":2},"end":{"line":57,"column":2}}]},"6":{"line":82,"type":"if","locations":[{"start":{"line":82,"column":2},"end":{"line":82,"column":2}},{"start":{"line":82,"column":2},"end":{"line":82,"column":2}}]},"7":{"line":84,"type":"if","locations":[{"start":{"line":84,"column":9},"end":{"line":84,"column":9}},{"start":{"line":84,"column":9},"end":{"line":84,"column":9}}]},"8":{"line":86,"type":"if","locations":[{"start":{"line":86,"column":9},"end":{"line":86,"column":9}},{"start":{"line":86,"column":9},"end":{"line":86,"column":9}}]},"9":{"line":98,"type":"if","locations":[{"start":{"line":98,"column":2},"end":{"line":98,"column":2}},{"start":{"line":98,"column":2},"end":{"line":98,"column":2}}]},"10":{"line":98,"type":"binary-expr","locations":[{"start":{"line":98,"column":6},"end":{"line":98,"column":12}},{"start":{"line":98,"column":18},"end":{"line":98,"column":29}},{"start":{"line":98,"column":33},"end":{"line":98,"column":89}}]},"11":{"line":98,"type":"binary-expr","locations":[{"start":{"line":98,"column":35},"end":{"line":98,"column":49}},{"start":{"line":98,"column":53},"end":{"line":98,"column":88}}]},"12":{"line":103,"type":"if","locations":[{"start":{"line":103,"column":2},"end":{"line":103,"column":2}},{"start":{"line":103,"column":2},"end":{"line":103,"column":2}}]},"13":{"line":110,"type":"if","locations":[{"start":{"line":110,"column":2},"end":{"line":110,"column":2}},{"start":{"line":110,"column":2},"end":{"line":110,"column":2}}]},"14":{"line":119,"type":"if","locations":[{"start":{"line":119,"column":4},"end":{"line":119,"column":4}},{"start":{"line":119,"column":4},"end":{"line":119,"column":4}}]},"15":{"line":119,"type":"binary-expr","locations":[{"start":{"line":119,"column":8},"end":{"line":119,"column":30}},{"start":{"line":119,"column":34},"end":{"line":119,"column":55}},{"start":{"line":119,"column":59},"end":{"line":119,"column":83}}]},"16":{"line":124,"type":"cond-expr","locations":[{"start":{"line":124,"column":52},"end":{"line":124,"column":63}},{"start":{"line":124,"column":66},"end":{"line":124,"column":67}}]},"17":{"line":133,"type":"if","locations":[{"start":{"line":133,"column":8},"end":{"line":133,"column":8}},{"start":{"line":133,"column":8},"end":{"line":133,"column":8}}]},"18":{"line":139,"type":"cond-expr","locations":[{"start":{"line":139,"column":46},"end":{"line":139,"column":57}},{"start":{"line":139,"column":60},"end":{"line":139,"column":61}}]},"19":{"line":145,"type":"if","locations":[{"start":{"line":145,"column":9},"end":{"line":145,"column":9}},{"start":{"line":145,"column":9},"end":{"line":145,"column":9}}]},"20":{"line":149,"type":"if","locations":[{"start":{"line":149,"column":9},"end":{"line":149,"column":9}},{"start":{"line":149,"column":9},"end":{"line":149,"column":9}}]},"21":{"line":167,"type":"if","locations":[{"start":{"line":167,"column":2},"end":{"line":167,"column":2}},{"start":{"line":167,"column":2},"end":{"line":167,"column":2}}]},"22":{"line":177,"type":"binary-expr","locations":[{"start":{"line":177,"column":72},"end":{"line":177,"column":90}},{"start":{"line":177,"column":94},"end":{"line":177,"column":96}}]},"23":{"line":179,"type":"binary-expr","locations":[{"start":{"line":179,"column":30},"end":{"line":179,"column":41}},{"start":{"line":179,"column":45},"end":{"line":179,"column":47}}]},"24":{"line":183,"type":"if","locations":[{"start":{"line":183,"column":2},"end":{"line":183,"column":2}},{"start":{"line":183,"column":2},"end":{"line":183,"column":2}}]},"25":{"line":192,"type":"if","locations":[{"start":{"line":192,"column":4},"end":{"line":192,"column":4}},{"start":{"line":192,"column":4},"end":{"line":192,"column":4}}]},"26":{"line":197,"type":"if","locations":[{"start":{"line":197,"column":4},"end":{"line":197,"column":4}},{"start":{"line":197,"column":4},"end":{"line":197,"column":4}}]},"27":{"line":202,"type":"if","locations":[{"start":{"line":202,"column":4},"end":{"line":202,"column":4}},{"start":{"line":202,"column":4},"end":{"line":202,"column":4}}]},"28":{"line":217,"type":"binary-expr","locations":[{"start":{"line":217,"column":17},"end":{"line":217,"column":33}},{"start":{"line":217,"column":37},"end":{"line":217,"column":47}},{"start":{"line":217,"column":51},"end":{"line":217,"column":61}}]},"29":{"line":220,"type":"if","locations":[{"start":{"line":220,"column":2},"end":{"line":220,"column":2}},{"start":{"line":220,"column":2},"end":{"line":220,"column":2}}]},"30":{"line":220,"type":"binary-expr","locations":[{"start":{"line":220,"column":6},"end":{"line":220,"column":15}},{"start":{"line":220,"column":19},"end":{"line":220,"column":33}},{"start":{"line":220,"column":37},"end":{"line":220,"column":72}}]},"31":{"line":224,"type":"if","locations":[{"start":{"line":224,"column":2},"end":{"line":224,"column":2}},{"start":{"line":224,"column":2},"end":{"line":224,"column":2}}]},"32":{"line":237,"type":"if","locations":[{"start":{"line":237,"column":2},"end":{"line":237,"column":2}},{"start":{"line":237,"column":2},"end":{"line":237,"column":2}}]},"33":{"line":237,"type":"binary-expr","locations":[{"start":{"line":237,"column":6},"end":{"line":237,"column":18}},{"start":{"line":237,"column":22},"end":{"line":237,"column":32}}]},"34":{"line":242,"type":"if","locations":[{"start":{"line":242,"column":2},"end":{"line":242,"column":2}},{"start":{"line":242,"column":2},"end":{"line":242,"column":2}}]},"35":{"line":242,"type":"binary-expr","locations":[{"start":{"line":242,"column":6},"end":{"line":242,"column":18}},{"start":{"line":242,"column":22},"end":{"line":242,"column":32}}]},"36":{"line":247,"type":"if","locations":[{"start":{"line":247,"column":2},"end":{"line":247,"column":2}},{"start":{"line":247,"column":2},"end":{"line":247,"column":2}}]},"37":{"line":247,"type":"binary-expr","locations":[{"start":{"line":247,"column":6},"end":{"line":247,"column":18}},{"start":{"line":247,"column":22},"end":{"line":247,"column":36}},{"start":{"line":247,"column":40},"end":{"line":247,"column":75}}]},"38":{"line":252,"type":"if","locations":[{"start":{"line":252,"column":2},"end":{"line":252,"column":2}},{"start":{"line":252,"column":2},"end":{"line":252,"column":2}}]},"39":{"line":252,"type":"binary-expr","locations":[{"start":{"line":252,"column":6},"end":{"line":252,"column":18}},{"start":{"line":252,"column":22},"end":{"line":252,"column":38}}]},"40":{"line":257,"type":"if","locations":[{"start":{"line":257,"column":2},"end":{"line":257,"column":2}},{"start":{"line":257,"column":2},"end":{"line":257,"column":2}}]},"41":{"line":257,"type":"binary-expr","locations":[{"start":{"line":257,"column":6},"end":{"line":257,"column":18}},{"start":{"line":257,"column":22},"end":{"line":257,"column":46}}]},"42":{"line":269,"type":"if","locations":[{"start":{"line":269,"column":4},"end":{"line":269,"column":4}},{"start":{"line":269,"column":4},"end":{"line":269,"column":4}}]},"43":{"line":288,"type":"if","locations":[{"start":{"line":288,"column":4},"end":{"line":288,"column":4}},{"start":{"line":288,"column":4},"end":{"line":288,"column":4}}]},"44":{"line":297,"type":"if","locations":[{"start":{"line":297,"column":2},"end":{"line":297,"column":2}},{"start":{"line":297,"column":2},"end":{"line":297,"column":2}}]},"45":{"line":323,"type":"if","locations":[{"start":{"line":323,"column":2},"end":{"line":323,"column":2}},{"start":{"line":323,"column":2},"end":{"line":323,"column":2}}]},"46":{"line":328,"type":"if","locations":[{"start":{"line":328,"column":2},"end":{"line":328,"column":2}},{"start":{"line":328,"column":2},"end":{"line":328,"column":2}}]},"47":{"line":344,"type":"if","locations":[{"start":{"line":344,"column":2},"end":{"line":344,"column":2}},{"start":{"line":344,"column":2},"end":{"line":344,"column":2}}]},"48":{"line":354,"type":"if","locations":[{"start":{"line":354,"column":2},"end":{"line":354,"column":2}},{"start":{"line":354,"column":2},"end":{"line":354,"column":2}}]},"49":{"line":358,"type":"if","locations":[{"start":{"line":358,"column":2},"end":{"line":358,"column":2}},{"start":{"line":358,"column":2},"end":{"line":358,"column":2}}]},"50":{"line":364,"type":"if","locations":[{"start":{"line":364,"column":4},"end":{"line":364,"column":4}},{"start":{"line":364,"column":4},"end":{"line":364,"column":4}}]},"51":{"line":385,"type":"if","locations":[{"start":{"line":385,"column":2},"end":{"line":385,"column":2}},{"start":{"line":385,"column":2},"end":{"line":385,"column":2}}]},"52":{"line":399,"type":"if","locations":[{"start":{"line":399,"column":4},"end":{"line":399,"column":4}},{"start":{"line":399,"column":4},"end":{"line":399,"column":4}}]},"53":{"line":400,"type":"cond-expr","locations":[{"start":{"line":400,"column":52},"end":{"line":400,"column":55}},{"start":{"line":400,"column":58},"end":{"line":400,"column":60}}]},"54":{"line":408,"type":"if","locations":[{"start":{"line":408,"column":2},"end":{"line":408,"column":2}},{"start":{"line":408,"column":2},"end":{"line":408,"column":2}}]},"55":{"line":416,"type":"if","locations":[{"start":{"line":416,"column":4},"end":{"line":416,"column":4}},{"start":{"line":416,"column":4},"end":{"line":416,"column":4}}]},"56":{"line":425,"type":"if","locations":[{"start":{"line":425,"column":4},"end":{"line":425,"column":4}},{"start":{"line":425,"column":4},"end":{"line":425,"column":4}}]},"57":{"line":435,"type":"if","locations":[{"start":{"line":435,"column":2},"end":{"line":435,"column":2}},{"start":{"line":435,"column":2},"end":{"line":435,"column":2}}]}},"code":["var CombinedStream = require('combined-stream');","var util = require('util');","var path = require('path');","var http = require('http');","var https = require('https');","var parseUrl = require('url').parse;","var fs = require('fs');","var mime = require('mime-types');","var asynckit = require('asynckit');","var populate = require('./populate.js');","","// Public API","module.exports = FormData;","","// make it a Stream","util.inherits(FormData, CombinedStream);","","/**"," * Create readable \"multipart/form-data\" streams."," * Can be used to submit forms"," * and file uploads to other web applications."," *"," * @constructor"," */","function FormData() {","  if (!(this instanceof FormData)) {","    return new FormData();","  }","","  this._overheadLength = 0;","  this._valueLength = 0;","  this._valuesToMeasure = [];","","  CombinedStream.call(this);","}","","FormData.LINE_BREAK = '\\r\\n';","FormData.DEFAULT_CONTENT_TYPE = 'application/octet-stream';","","FormData.prototype.append = function(field, value, options) {","","  options = options || {};","","  // allow filename as single option","  if (typeof options == 'string') {","    options = {filename: options};","  }","","  var append = CombinedStream.prototype.append.bind(this);","","  // all that streamy business can't handle numbers","  if (typeof value == 'number') {","    value = '' + value;","  }","","  // https://github.com/felixge/node-form-data/issues/38","  if (util.isArray(value)) {","    // Please convert your array into string","    // the way web server expects it","    this._error(new Error('Arrays are not supported.'));","    return;","  }","","  var header = this._multiPartHeader(field, value, options);","  var footer = this._multiPartFooter();","","  append(header);","  append(value);","  append(footer);","","  // pass along options.knownLength","  this._trackLength(header, value, options);","};","","FormData.prototype._trackLength = function(header, value, options) {","  var valueLength = 0;","","  // used w/ getLengthSync(), when length is known.","  // e.g. for streaming directly from a remote server,","  // w/ a known file a size, and not wanting to wait for","  // incoming file to finish to get its size.","  if (options.knownLength != null) {","    valueLength += +options.knownLength;","  } else if (Buffer.isBuffer(value)) {","    valueLength = value.length;","  } else if (typeof value === 'string') {","    valueLength = Buffer.byteLength(value);","  }","","  this._valueLength += valueLength;","","  // @check why add CRLF? does this account for custom/multiple CRLFs?","  this._overheadLength +=","    Buffer.byteLength(header) +","    FormData.LINE_BREAK.length;","","  // empty or either doesn't have path or not an http response","  if (!value || ( !value.path && !(value.readable && value.hasOwnProperty('httpVersion')) )) {","    return;","  }","","  // no need to bother with the length","  if (!options.knownLength) {","    this._valuesToMeasure.push(value);","  }","};","","FormData.prototype._lengthRetriever = function(value, callback) {","","  if (value.hasOwnProperty('fd')) {","","    // take read range into a account","    // `end` = Infinity –> read file till the end","    //","    // TODO: Looks like there is bug in Node fs.createReadStream","    // it doesn't respect `end` options without `start` options","    // Fix it when node fixes it.","    // https://github.com/joyent/node/issues/7819","    if (value.end != undefined && value.end != Infinity && value.start != undefined) {","","      // when end specified","      // no need to calculate range","      // inclusive, starts with 0","      callback(null, value.end + 1 - (value.start ? value.start : 0));","","    // not that fast snoopy","    } else {","      // still need to fetch file size from fs","      fs.stat(value.path, function(err, stat) {","","        var fileSize;","","        if (err) {","          callback(err);","          return;","        }","","        // update final size based on the range options","        fileSize = stat.size - (value.start ? value.start : 0);","        callback(null, fileSize);","      });","    }","","  // or http response","  } else if (value.hasOwnProperty('httpVersion')) {","    callback(null, +value.headers['content-length']);","","  // or request stream http://github.com/mikeal/request","  } else if (value.hasOwnProperty('httpModule')) {","    // wait till response come back","    value.on('response', function(response) {","      value.pause();","      callback(null, +response.headers['content-length']);","    });","    value.resume();","","  // something else","  } else {","    callback('Unknown stream');","  }","};","","FormData.prototype._multiPartHeader = function(field, value, options) {","  // custom header specified (as string)?","  // it becomes responsible for boundary","  // (e.g. to handle extra CRLFs on .NET servers)","  if (typeof options.header == 'string') {","    return options.header;","  }","","  var contentDisposition = this._getContentDisposition(value, options);","  var contentType = this._getContentType(value, options);","","  var contents = '';","  var headers  = {","    // add custom disposition as third element or keep it two elements if not","    'Content-Disposition': ['form-data', 'name=\"' + field + '\"'].concat(contentDisposition || []),","    // if no content type. allow it to be empty array","    'Content-Type': [].concat(contentType || [])","  };","","  // allow custom headers.","  if (typeof options.header == 'object') {","    populate(headers, options.header);","  }","","  var header;","  for (var prop in headers) {","    header = headers[prop];","","    // skip nullish headers.","    if (header == null) {","      continue;","    }","","    // convert all headers to arrays.","    if (!Array.isArray(header)) {","      header = [header];","    }","","    // add non-empty headers.","    if (header.length) {","      contents += prop + ': ' + header.join('; ') + FormData.LINE_BREAK;","    }","  }","","  return '--' + this.getBoundary() + FormData.LINE_BREAK + contents + FormData.LINE_BREAK;","};","","FormData.prototype._getContentDisposition = function(value, options) {","","  var contentDisposition;","","  // custom filename takes precedence","  // fs- and request- streams have path property","  // formidable and the browser add a name property.","  var filename = options.filename || value.name || value.path;","","  // or try http response","  if (!filename && value.readable && value.hasOwnProperty('httpVersion')) {","    filename = value.client._httpMessage.path;","  }","","  if (filename) {","    contentDisposition = 'filename=\"' + path.basename(filename) + '\"';","  }","","  return contentDisposition;","};","","FormData.prototype._getContentType = function(value, options) {","","  // use custom content-type above all","  var contentType = options.contentType;","","  // or try `name` from formidable, browser","  if (!contentType && value.name) {","    contentType = mime.lookup(value.name);","  }","","  // or try `path` from fs-, request- streams","  if (!contentType && value.path) {","    contentType = mime.lookup(value.path);","  }","","  // or if it's http-reponse","  if (!contentType && value.readable && value.hasOwnProperty('httpVersion')) {","    contentType = value.headers['content-type'];","  }","","  // or guess it from the filename","  if (!contentType && options.filename) {","    contentType = mime.lookup(options.filename);","  }","","  // fallback to the default content type if `value` is not simple value","  if (!contentType && typeof value == 'object') {","    contentType = FormData.DEFAULT_CONTENT_TYPE;","  }","","  return contentType;","};","","FormData.prototype._multiPartFooter = function() {","  return function(next) {","    var footer = FormData.LINE_BREAK;","","    var lastPart = (this._streams.length === 0);","    if (lastPart) {","      footer += this._lastBoundary();","    }","","    next(footer);","  }.bind(this);","};","","FormData.prototype._lastBoundary = function() {","  return '--' + this.getBoundary() + '--' + FormData.LINE_BREAK;","};","","FormData.prototype.getHeaders = function(userHeaders) {","  var header;","  var formHeaders = {","    'content-type': 'multipart/form-data; boundary=' + this.getBoundary()","  };","","  for (header in userHeaders) {","    if (userHeaders.hasOwnProperty(header)) {","      formHeaders[header.toLowerCase()] = userHeaders[header];","    }","  }","","  return formHeaders;","};","","FormData.prototype.getBoundary = function() {","  if (!this._boundary) {","    this._generateBoundary();","  }","","  return this._boundary;","};","","FormData.prototype._generateBoundary = function() {","  // This generates a 50 character boundary similar to those used by Firefox.","  // They are optimized for boyer-moore parsing.","  var boundary = '--------------------------';","  for (var i = 0; i < 24; i++) {","    boundary += Math.floor(Math.random() * 10).toString(16);","  }","","  this._boundary = boundary;","};","","// Note: getLengthSync DOESN'T calculate streams length","// As workaround one can calculate file size manually","// and add it as knownLength option","FormData.prototype.getLengthSync = function() {","  var knownLength = this._overheadLength + this._valueLength;","","  // Don't get confused, there are 3 \"internal\" streams for each keyval pair","  // so it basically checks if there is any value added to the form","  if (this._streams.length) {","    knownLength += this._lastBoundary().length;","  }","","  // https://github.com/form-data/form-data/issues/40","  if (!this.hasKnownLength()) {","    // Some async length retrievers are present","    // therefore synchronous length calculation is false.","    // Please use getLength(callback) to get proper length","    this._error(new Error('Cannot calculate proper length in synchronous way.'));","  }","","  return knownLength;","};","","// Public API to check if length of added values is known","// https://github.com/form-data/form-data/issues/196","// https://github.com/form-data/form-data/issues/262","FormData.prototype.hasKnownLength = function() {","  var hasKnownLength = true;","","  if (this._valuesToMeasure.length) {","    hasKnownLength = false;","  }","","  return hasKnownLength;","};","","FormData.prototype.getLength = function(cb) {","  var knownLength = this._overheadLength + this._valueLength;","","  if (this._streams.length) {","    knownLength += this._lastBoundary().length;","  }","","  if (!this._valuesToMeasure.length) {","    process.nextTick(cb.bind(this, null, knownLength));","    return;","  }","","  asynckit.parallel(this._valuesToMeasure, this._lengthRetriever, function(err, values) {","    if (err) {","      cb(err);","      return;","    }","","    values.forEach(function(length) {","      knownLength += length;","    });","","    cb(null, knownLength);","  });","};","","FormData.prototype.submit = function(params, cb) {","  var request","    , options","    , defaults = {method: 'post'}","    ;","","  // parse provided url if it's string","  // or treat it as options object","  if (typeof params == 'string') {","","    params = parseUrl(params);","    options = populate({","      port: params.port,","      path: params.pathname,","      host: params.hostname","    }, defaults);","","  // use custom params","  } else {","","    options = populate(params, defaults);","    // if no port provided use default one","    if (!options.port) {","      options.port = options.protocol == 'https:' ? 443 : 80;","    }","  }","","  // put that good code in getHeaders to some use","  options.headers = this.getHeaders(params.headers);","","  // https if specified, fallback to http in any other case","  if (options.protocol == 'https:') {","    request = https.request(options);","  } else {","    request = http.request(options);","  }","","  // get content length and fire away","  this.getLength(function(err, length) {","    if (err) {","      this._error(err);","      return;","    }","","    // add content length","    request.setHeader('Content-Length', length);","","    this.pipe(request);","    if (cb) {","      request.on('error', cb);","      request.on('response', cb.bind(this, null));","    }","  }.bind(this));","","  return request;","};","","FormData.prototype._error = function(err) {","  if (!this.error) {","    this.error = err;","    this.pause();","    this.emit('error', err);","  }","};","","FormData.prototype.toString = function () {","  return '[object FormData]';","};",""],"l":{"1":1,"2":1,"3":1,"4":1,"5":1,"6":1,"7":1,"8":1,"9":1,"10":1,"13":1,"16":1,"25":1,"26":0,"27":0,"30":0,"31":0,"32":0,"34":0,"37":1,"38":1,"40":1,"42":0,"45":0,"46":0,"49":0,"52":0,"53":0,"57":0,"60":0,"61":0,"64":0,"65":0,"67":0,"68":0,"69":0,"72":0,"75":1,"76":0,"82":0,"83":0,"84":0,"85":0,"86":0,"87":0,"90":0,"93":0,"98":0,"99":0,"103":0,"104":0,"108":1,"110":0,"119":0,"124":0,"129":0,"131":0,"133":0,"134":0,"135":0,"139":0,"140":0,"145":0,"146":0,"149":0,"151":0,"152":0,"153":0,"155":0,"159":0,"163":1,"167":0,"168":0,"171":0,"172":0,"174":0,"175":0,"183":0,"184":0,"187":0,"188":0,"189":0,"192":0,"193":0,"197":0,"198":0,"202":0,"203":0,"207":0,"210":1,"212":0,"217":0,"220":0,"221":0,"224":0,"225":0,"228":0,"231":1,"234":0,"237":0,"238":0,"242":0,"243":0,"247":0,"248":0,"252":0,"253":0,"257":0,"258":0,"261":0,"264":1,"265":0,"266":0,"268":0,"269":0,"270":0,"273":0,"277":1,"278":0,"281":1,"282":0,"283":0,"287":0,"288":0,"289":0,"293":0,"296":1,"297":0,"298":0,"301":0,"304":1,"307":0,"308":0,"309":0,"312":0,"318":1,"319":0,"323":0,"324":0,"328":0,"332":0,"335":0,"341":1,"342":0,"344":0,"345":0,"348":0,"351":1,"352":0,"354":0,"355":0,"358":0,"359":0,"360":0,"363":0,"364":0,"365":0,"366":0,"369":0,"370":0,"373":0,"377":1,"378":0,"385":0,"387":0,"388":0,"397":0,"399":0,"400":0,"405":0,"408":0,"409":0,"411":0,"415":0,"416":0,"417":0,"418":0,"422":0,"424":0,"425":0,"426":0,"427":0,"431":0,"434":1,"435":0,"436":0,"437":0,"438":0,"442":1,"443":0}},"/home/travis/build/npmtest/node-npmtest-form-data/node_modules/form-data/lib/populate.js":{"path":"/home/travis/build/npmtest/node-npmtest-form-data/node_modules/form-data/lib/populate.js","s":{"1":1,"2":0,"3":0,"4":0},"b":{"1":[0,0]},"f":{"1":0,"2":0},"fnMap":{"1":{"name":"(anonymous_1)","line":2,"loc":{"start":{"line":2,"column":17},"end":{"line":2,"column":36}}},"2":{"name":"(anonymous_2)","line":4,"loc":{"start":{"line":4,"column":27},"end":{"line":5,"column":2}}}},"statementMap":{"1":{"start":{"line":2,"column":0},"end":{"line":10,"column":2}},"2":{"start":{"line":4,"column":2},"end":{"line":7,"column":5}},"3":{"start":{"line":6,"column":4},"end":{"line":6,"column":39}},"4":{"start":{"line":9,"column":2},"end":{"line":9,"column":13}}},"branchMap":{"1":{"line":6,"type":"binary-expr","locations":[{"start":{"line":6,"column":16},"end":{"line":6,"column":25}},{"start":{"line":6,"column":29},"end":{"line":6,"column":38}}]}},"code":["// populates missing values","module.exports = function(dst, src) {","","  Object.keys(src).forEach(function(prop)","  {","    dst[prop] = dst[prop] || src[prop];","  });","","  return dst;","};",""],"l":{"2":1,"4":0,"6":0,"9":0}},"/home/travis/build/npmtest/node-npmtest-form-data/node_modules/form-data/lib/browser.js":{"path":"/home/travis/build/npmtest/node-npmtest-form-data/node_modules/form-data/lib/browser.js","s":{"1":2},"b":{"1":[0,2]},"f":{},"fnMap":{},"statementMap":{"1":{"start":{"line":2,"column":0},"end":{"line":2,"column":75}}},"branchMap":{"1":{"line":2,"type":"cond-expr","locations":[{"start":{"line":2,"column":43},"end":{"line":2,"column":56}},{"start":{"line":2,"column":59},"end":{"line":2,"column":74}}]}},"code":["/* eslint-env browser */","module.exports = typeof self == 'object' ? self.FormData : window.FormData;",""],"l":{"2":2}}}